<?xml version="1.0" encoding="UTF-8"?>
<!-- Generated by org.testng.reporters.JUnitXMLReporter -->
<testsuite ignored="0" hostname="IN2-NOINB-ABBI" failures="0" tests="3" name="Default test" time="44.524" errors="0" timestamp="2024-03-20T18:01:29 IST">
  <testcase classname="com.MyWork.TaskTest" name="launchiCustomerProduct" time="14.414"/>
  <testcase classname="com.MyWork.TaskTest" name="openTasksModule" time="5.26"/>
  <testcase classname="com.MyWork.TaskTest" name="fillCreateNewTask" time="6.259"/>
</testsuite> <!-- Default test -->
