<?xml version="1.0" encoding="UTF-8"?>
<!-- Generated by org.testng.reporters.JUnitXMLReporter -->
<testsuite ignored="0" hostname="IN2-NOINB-ABBI" failures="0" tests="5" name="Default test" time="86.549" errors="0" timestamp="2024-03-19T15:00:17 IST">
  <testcase classname="com.saleshub.SalesHomeTest" name="launchiCustomerProduct" time="13.361"/>
  <testcase classname="com.saleshub.SalesHomeTest" name="openSalesHomeModule" time="5.588"/>
  <testcase classname="com.saleshub.SalesHomeTest" name="fillQualify" time="33.99"/>
  <testcase classname="com.saleshub.SalesHomeTest" name="fillDevelop" time="11.962"/>
  <testcase classname="com.saleshub.SalesHomeTest" name="fillPropose" time="5.907"/>
</testsuite> <!-- Default test -->
