<?xml version="1.0" encoding="UTF-8"?>
<!-- Generated by org.testng.reporters.JUnitXMLReporter -->
<testsuite ignored="0" hostname="IN2-NOINB-ABBI" failures="0" tests="3" name="Default test" time="31.917" errors="0" timestamp="2024-03-19T16:03:12 IST">
  <testcase classname="com.iCustomer.CreateNewOrganizationTest" name="launchiCustomerProduct" time="12.545"/>
  <testcase classname="com.iCustomer.CreateNewOrganizationTest" name="open360HomeModule" time="3.42"/>
  <testcase classname="com.iCustomer.CreateNewOrganizationTest" name="fillDetails" time="5.8"/>
</testsuite> <!-- Default test -->
