<?xml version="1.0" encoding="UTF-8"?>
<!-- Generated by org.testng.reporters.JUnitXMLReporter -->
<testsuite ignored="0" hostname="IN2-NOINB-ABBI" failures="0" tests="5" name="Default test" time="78.963" errors="0" timestamp="2024-03-20T18:17:04 IST">
  <testcase classname="com.saleshub.SalesHomeTest" name="launchiCustomerProduct" time="8.931"/>
  <testcase classname="com.saleshub.SalesHomeTest" name="openSalesHomeModule" time="7.099"/>
  <testcase classname="com.saleshub.SalesHomeTest" name="fillQualify" time="29.518"/>
  <testcase classname="com.saleshub.SalesHomeTest" name="fillDevelop" time="11.09"/>
  <testcase classname="com.saleshub.SalesHomeTest" name="fillPropose" time="7.927"/>
</testsuite> <!-- Default test -->
