<?xml version="1.0" encoding="UTF-8"?>
<!-- Generated by org.testng.reporters.JUnitXMLReporter -->
<testsuite ignored="0" hostname="IN2-NOINB-ABBI" failures="0" tests="5" name="Default test" time="102.222" errors="0" timestamp="2024-03-22T12:21:43 IST">
  <testcase classname="com.saleshub.SalesHomeTest" name="launchiCustomerProduct" time="17.415"/>
  <testcase classname="com.saleshub.SalesHomeTest" name="openSalesHomeModule" time="6.957"/>
  <testcase classname="com.saleshub.SalesHomeTest" name="fillQualify" time="36.013"/>
  <testcase classname="com.saleshub.SalesHomeTest" name="fillDevelop" time="13.907"/>
  <testcase classname="com.saleshub.SalesHomeTest" name="fillPropose" time="8.745"/>
</testsuite> <!-- Default test -->
