<?xml version="1.0" encoding="UTF-8"?>
<!-- Generated by org.testng.reporters.JUnitXMLReporter -->
<testsuite ignored="0" hostname="IN2-NOINB-ABBI" failures="0" tests="3" name="Test1" time="109.467" errors="0" timestamp="2024-03-13T11:19:52 IST">
  <testcase classname="com.iCustomer.genericutilities.BaseClass" name="@AfterClass amConfig" time="0.094">
    <failure type="java.lang.NullPointerException" message="Cannot invoke &amp;quot;org.apache.poi.ss.usermodel.Sheet.getRow(int)&amp;quot; because the return value of &amp;quot;org.apache.poi.ss.usermodel.Workbook.getSheet(String)&amp;quot; is null">
      <![CDATA[java.lang.NullPointerException: Cannot invoke "org.apache.poi.ss.usermodel.Sheet.getRow(int)" because the return value of "org.apache.poi.ss.usermodel.Workbook.getSheet(String)" is null
at com.iCustomer.genericutilities.ExcelFileUtility.readDataFromExcel(ExcelFileUtility.java:36)
at com.iCustomer.genericutilities.BaseClass.amConfig(BaseClass.java:117)
at java.base/java.util.ArrayList.forEach(ArrayList.java:1511)
... Removed 26 stack frames]]>
    </failure>
  </testcase> <!-- @AfterClass amConfig -->
  <testcase classname="com.iCustomer.CreateNewOrganizationTest" name="launchiCustomerProduct" time="2.281"/>
  <testcase classname="com.iCustomer.CreateNewOrganizationTest" name="open360HomeModule" time="29.661"/>
  <testcase classname="com.iCustomer.CreateNewOrganizationTest" name="fillDetails" time="9.283"/>
</testsuite> <!-- Test1 -->
