<?xml version="1.0" encoding="UTF-8"?>
<!-- Generated by org.testng.reporters.JUnitXMLReporter -->
<testsuite ignored="8" hostname="IN2-NOINB-ABBI" failures="0" tests="11" name="Test" time="132.851" errors="0" timestamp="2024-03-21T13:39:59 IST">
  <testcase classname="com.iCustomer.CreateNewOrganizationTest" name="launchiCustomerProduct" time="17.363"/>
  <testcase classname="com.iCustomer.CreateNewOrganizationTest" name="open360HomeModule" time="2.515"/>
  <testcase classname="com.iCustomer.CreateNewOrganizationTest" name="fillDetails" time="7.243"/>
  <testcase classname="com.saleshub.SalesHomeTest" name="launchiCustomerProduct" time="4.322"/>
  <testcase classname="com.saleshub.SalesHomeTest" name="openSalesHomeModule" time="6.992"/>
  <testcase classname="com.saleshub.SalesHomeTest" name="fillQualify" time="31.004"/>
  <testcase classname="com.saleshub.SalesHomeTest" name="fillDevelop" time="12.38"/>
  <testcase classname="com.saleshub.SalesHomeTest" name="fillPropose" time="8.456"/>
  <testcase classname="com.MyWork.TaskTest" name="launchiCustomerProduct" time="4.492"/>
  <testcase classname="com.MyWork.TaskTest" name="openTasksModule" time="7.415"/>
  <testcase classname="com.MyWork.TaskTest" name="fillCreateNewTask" time="5.559"/>
  <testcase classname="com.iCustomer.genericutilities.BaseClass" name="@AfterTest acConfig" time="0.0">
    <ignored/>
  </testcase> <!-- @AfterTest acConfig -->
  <testcase classname="com.iCustomer.genericutilities.BaseClass" name="@AfterSuite asConfig" time="0.0">
    <ignored/>
  </testcase> <!-- @AfterSuite asConfig -->
  <testcase classname="com.iCustomer.genericutilities.BaseClass" name="@BeforeSuite bsConfig" time="0.0">
    <ignored/>
  </testcase> <!-- @BeforeSuite bsConfig -->
  <testcase classname="com.iCustomer.genericutilities.BaseClass" name="@BeforeTest bcConfig" time="0.0">
    <ignored/>
  </testcase> <!-- @BeforeTest bcConfig -->
  <testcase classname="com.iCustomer.genericutilities.BaseClass" name="@BeforeSuite bsConfig" time="0.0">
    <ignored/>
  </testcase> <!-- @BeforeSuite bsConfig -->
  <testcase classname="com.iCustomer.genericutilities.BaseClass" name="@BeforeTest bcConfig" time="0.0">
    <ignored/>
  </testcase> <!-- @BeforeTest bcConfig -->
  <testcase classname="com.iCustomer.genericutilities.BaseClass" name="@AfterTest acConfig" time="0.0">
    <ignored/>
  </testcase> <!-- @AfterTest acConfig -->
  <testcase classname="com.iCustomer.genericutilities.BaseClass" name="@AfterSuite asConfig" time="0.0">
    <ignored/>
  </testcase> <!-- @AfterSuite asConfig -->
</testsuite> <!-- Test -->
