<?xml version="1.0" encoding="UTF-8"?>
<!-- Generated by org.testng.reporters.JUnitXMLReporter -->
<testsuite ignored="12" hostname="IN2-NOINB-ABBI" failures="0" tests="13" name="Test" time="138.962" errors="0" timestamp="2024-03-19T13:01:24 IST">
  <testcase classname="com.iCustomer.CreateNewOrganizationTest" name="launchiCustomerProduct" time="14.33"/>
  <testcase classname="com.iCustomer.CreateNewOrganizationTest" name="open360HomeModule" time="3.238"/>
  <testcase classname="com.iCustomer.CreateNewOrganizationTest" name="fillDetails" time="9.466"/>
  <testcase classname="com.saleshub.SalesHomeTest" name="launchiCustomerProduct" time="4.476"/>
  <testcase classname="com.saleshub.SalesHomeTest" name="openSalesHomeModule" time="7.619"/>
  <testcase classname="com.saleshub.SalesHomeTest" name="fillQualify" time="25.738"/>
  <testcase classname="com.saleshub.SalesHomeTest" name="fillDevelop" time="12.83"/>
  <testcase classname="com.saleshub.SalesHomeTest" name="fillPropose" time="6.396"/>
  <testcase classname="com.MyWork.DashboardTest" name="launchiCustomerProduct" time="4.15"/>
  <testcase classname="com.MyWork.DashboardTest" name="CreateEvent" time="8.968"/>
  <testcase classname="com.MyWork.TaskTest" name="launchiCustomerProduct" time="5.012"/>
  <testcase classname="com.MyWork.TaskTest" name="openTasksModule" time="6.499"/>
  <testcase classname="com.MyWork.TaskTest" name="fillCreateNewTask" time="6.097"/>
  <testcase classname="com.iCustomer.genericutilities.BaseClass" name="@AfterSuite asConfig" time="0.0">
    <ignored/>
  </testcase> <!-- @AfterSuite asConfig -->
  <testcase classname="com.iCustomer.genericutilities.BaseClass" name="@AfterTest acConfig" time="0.0">
    <ignored/>
  </testcase> <!-- @AfterTest acConfig -->
  <testcase classname="com.iCustomer.genericutilities.BaseClass" name="@AfterTest acConfig" time="0.0">
    <ignored/>
  </testcase> <!-- @AfterTest acConfig -->
  <testcase classname="com.iCustomer.genericutilities.BaseClass" name="@AfterSuite asConfig" time="0.0">
    <ignored/>
  </testcase> <!-- @AfterSuite asConfig -->
  <testcase classname="com.iCustomer.genericutilities.BaseClass" name="@BeforeTest bcConfig" time="0.0">
    <ignored/>
  </testcase> <!-- @BeforeTest bcConfig -->
  <testcase classname="com.iCustomer.genericutilities.BaseClass" name="@AfterTest acConfig" time="0.0">
    <ignored/>
  </testcase> <!-- @AfterTest acConfig -->
  <testcase classname="com.iCustomer.genericutilities.BaseClass" name="@AfterSuite asConfig" time="0.0">
    <ignored/>
  </testcase> <!-- @AfterSuite asConfig -->
  <testcase classname="com.iCustomer.genericutilities.BaseClass" name="@BeforeSuite bsConfig" time="0.0">
    <ignored/>
  </testcase> <!-- @BeforeSuite bsConfig -->
  <testcase classname="com.iCustomer.genericutilities.BaseClass" name="@BeforeSuite bsConfig" time="0.0">
    <ignored/>
  </testcase> <!-- @BeforeSuite bsConfig -->
  <testcase classname="com.iCustomer.genericutilities.BaseClass" name="@BeforeTest bcConfig" time="0.0">
    <ignored/>
  </testcase> <!-- @BeforeTest bcConfig -->
  <testcase classname="com.iCustomer.genericutilities.BaseClass" name="@BeforeSuite bsConfig" time="0.0">
    <ignored/>
  </testcase> <!-- @BeforeSuite bsConfig -->
  <testcase classname="com.iCustomer.genericutilities.BaseClass" name="@BeforeTest bcConfig" time="0.0">
    <ignored/>
  </testcase> <!-- @BeforeTest bcConfig -->
</testsuite> <!-- Test -->
