<?xml version="1.0" encoding="UTF-8"?>
<testng-results ignored="0" total="11" passed="11" failed="0" skipped="0">
  <reporter-output>
  </reporter-output>
  <suite started-at="2024-04-01T10:45:20 IST" name="Suite" finished-at="2024-04-01T10:49:00 IST" duration-ms="220080">
    <groups>
    </groups>
    <test started-at="2024-04-01T10:45:20 IST" name="Test" finished-at="2024-04-01T10:49:00 IST" duration-ms="220080">
      <class name="com.iCustomer.CreateNewOrganizationTest">
        <test-method is-config="true" signature="bsConfig()[pri:0, instance:com.iCustomer.CreateNewOrganizationTest@6069db50]" started-at="2024-04-01T10:45:20 IST" name="bsConfig" finished-at="2024-04-01T10:45:20 IST" duration-ms="11" status="PASS">
          <reporter-output>
          </reporter-output>
        </test-method> <!-- bsConfig -->
        <test-method is-config="true" signature="bcConfig()[pri:0, instance:com.iCustomer.CreateNewOrganizationTest@6069db50]" started-at="2024-04-01T10:45:20 IST" name="bcConfig" finished-at="2024-04-01T10:46:01 IST" duration-ms="41177" status="PASS">
          <reporter-output>
          </reporter-output>
        </test-method> <!-- bcConfig -->
        <test-method is-config="true" signature="bmConfig()[pri:0, instance:com.iCustomer.CreateNewOrganizationTest@6069db50]" started-at="2024-04-01T10:46:01 IST" name="bmConfig" finished-at="2024-04-01T10:46:04 IST" duration-ms="2875" status="PASS">
          <reporter-output>
          </reporter-output>
        </test-method> <!-- bmConfig -->
        <test-method signature="launchiCustomerProduct()[pri:1, instance:com.iCustomer.CreateNewOrganizationTest@6069db50]" started-at="2024-04-01T10:46:04 IST" name="launchiCustomerProduct" finished-at="2024-04-01T10:46:46 IST" duration-ms="42245" status="PASS">
          <reporter-output>
          </reporter-output>
        </test-method> <!-- launchiCustomerProduct -->
        <test-method signature="open360HomeModule()[pri:2, instance:com.iCustomer.CreateNewOrganizationTest@6069db50]" started-at="2024-04-01T10:46:46 IST" name="open360HomeModule" finished-at="2024-04-01T10:46:53 IST" duration-ms="6757" status="PASS">
          <reporter-output>
          </reporter-output>
        </test-method> <!-- open360HomeModule -->
        <test-method signature="fillDetails()[pri:3, instance:com.iCustomer.CreateNewOrganizationTest@6069db50]" started-at="2024-04-01T10:46:53 IST" name="fillDetails" finished-at="2024-04-01T10:47:05 IST" duration-ms="11562" status="PASS">
          <reporter-output>
          </reporter-output>
        </test-method> <!-- fillDetails -->
        <test-method is-config="true" signature="amConfig()[pri:0, instance:com.iCustomer.CreateNewOrganizationTest@6069db50]" started-at="2024-04-01T10:47:05 IST" name="amConfig" finished-at="2024-04-01T10:47:05 IST" duration-ms="263" status="PASS">
          <reporter-output>
          </reporter-output>
        </test-method> <!-- amConfig -->
        <test-method is-config="true" signature="acConfig()[pri:0, instance:com.iCustomer.CreateNewOrganizationTest@6069db50]" started-at="2024-04-01T10:48:57 IST" name="acConfig" finished-at="2024-04-01T10:49:00 IST" duration-ms="2544" status="PASS">
          <reporter-output>
          </reporter-output>
        </test-method> <!-- acConfig -->
        <test-method is-config="true" signature="asConfig()[pri:0, instance:com.iCustomer.CreateNewOrganizationTest@6069db50]" started-at="2024-04-01T10:49:00 IST" name="asConfig" finished-at="2024-04-01T10:49:00 IST" duration-ms="13" status="PASS">
          <reporter-output>
          </reporter-output>
        </test-method> <!-- asConfig -->
      </class> <!-- com.iCustomer.CreateNewOrganizationTest -->
      <class name="com.MyWork.TaskTest">
        <test-method is-config="true" signature="bmConfig()[pri:0, instance:com.MyWork.TaskTest@747ddf94]" started-at="2024-04-01T10:48:36 IST" name="bmConfig" finished-at="2024-04-01T10:48:37 IST" duration-ms="1486" status="PASS">
          <reporter-output>
          </reporter-output>
        </test-method> <!-- bmConfig -->
        <test-method signature="launchiCustomerProduct()[pri:1, instance:com.MyWork.TaskTest@747ddf94]" started-at="2024-04-01T10:48:37 IST" name="launchiCustomerProduct" finished-at="2024-04-01T10:48:42 IST" duration-ms="5025" status="PASS">
          <reporter-output>
          </reporter-output>
        </test-method> <!-- launchiCustomerProduct -->
        <test-method signature="openTasksModule()[pri:2, instance:com.MyWork.TaskTest@747ddf94]" started-at="2024-04-01T10:48:42 IST" name="openTasksModule" finished-at="2024-04-01T10:48:50 IST" duration-ms="8047" status="PASS">
          <reporter-output>
          </reporter-output>
        </test-method> <!-- openTasksModule -->
        <test-method signature="fillCreateNewTask()[pri:3, instance:com.MyWork.TaskTest@747ddf94]" started-at="2024-04-01T10:48:50 IST" name="fillCreateNewTask" finished-at="2024-04-01T10:48:57 IST" duration-ms="6502" status="PASS">
          <reporter-output>
          </reporter-output>
        </test-method> <!-- fillCreateNewTask -->
        <test-method is-config="true" signature="amConfig()[pri:0, instance:com.MyWork.TaskTest@747ddf94]" started-at="2024-04-01T10:48:57 IST" name="amConfig" finished-at="2024-04-01T10:48:57 IST" duration-ms="308" status="PASS">
          <reporter-output>
          </reporter-output>
        </test-method> <!-- amConfig -->
      </class> <!-- com.MyWork.TaskTest -->
      <class name="com.saleshub.SalesHomeTest">
        <test-method is-config="true" signature="bmConfig()[pri:0, instance:com.saleshub.SalesHomeTest@2f9f7dcf]" started-at="2024-04-01T10:47:05 IST" name="bmConfig" finished-at="2024-04-01T10:47:06 IST" duration-ms="1284" status="PASS">
          <reporter-output>
          </reporter-output>
        </test-method> <!-- bmConfig -->
        <test-method signature="launchiCustomerProduct()[pri:1, instance:com.saleshub.SalesHomeTest@2f9f7dcf]" started-at="2024-04-01T10:47:06 IST" name="launchiCustomerProduct" finished-at="2024-04-01T10:47:11 IST" duration-ms="4365" status="PASS">
          <reporter-output>
          </reporter-output>
        </test-method> <!-- launchiCustomerProduct -->
        <test-method signature="openSalesHomeModule()[pri:2, instance:com.saleshub.SalesHomeTest@2f9f7dcf]" started-at="2024-04-01T10:47:11 IST" name="openSalesHomeModule" finished-at="2024-04-01T10:47:38 IST" duration-ms="27221" status="PASS">
          <reporter-output>
          </reporter-output>
        </test-method> <!-- openSalesHomeModule -->
        <test-method signature="fillQualify()[pri:3, instance:com.saleshub.SalesHomeTest@2f9f7dcf]" started-at="2024-04-01T10:47:38 IST" name="fillQualify" finished-at="2024-04-01T10:48:13 IST" duration-ms="34822" status="PASS">
          <reporter-output>
          </reporter-output>
        </test-method> <!-- fillQualify -->
        <test-method signature="fillDevelop()[pri:4, instance:com.saleshub.SalesHomeTest@2f9f7dcf]" started-at="2024-04-01T10:48:13 IST" name="fillDevelop" finished-at="2024-04-01T10:48:26 IST" duration-ms="13910" status="PASS">
          <reporter-output>
          </reporter-output>
        </test-method> <!-- fillDevelop -->
        <test-method signature="fillPropose()[pri:5, instance:com.saleshub.SalesHomeTest@2f9f7dcf]" started-at="2024-04-01T10:48:27 IST" name="fillPropose" finished-at="2024-04-01T10:48:36 IST" duration-ms="9082" status="PASS">
          <reporter-output>
          </reporter-output>
        </test-method> <!-- fillPropose -->
        <test-method is-config="true" signature="amConfig()[pri:0, instance:com.saleshub.SalesHomeTest@2f9f7dcf]" started-at="2024-04-01T10:48:36 IST" name="amConfig" finished-at="2024-04-01T10:48:36 IST" duration-ms="313" status="PASS">
          <reporter-output>
          </reporter-output>
        </test-method> <!-- amConfig -->
      </class> <!-- com.saleshub.SalesHomeTest -->
    </test> <!-- Test -->
  </suite> <!-- Suite -->
</testng-results>
