<?xml version="1.0" encoding="UTF-8"?>
<testng-results ignored="0" total="13" passed="13" failed="0" skipped="0">
  <reporter-output>
  </reporter-output>
  <suite started-at="2024-03-19T16:03:46 IST" name="Suite" finished-at="2024-03-19T16:05:41 IST" duration-ms="115576">
    <groups>
    </groups>
    <test started-at="2024-03-19T16:03:46 IST" name="Test" finished-at="2024-03-19T16:05:41 IST" duration-ms="115576">
      <class name="com.iCustomer.CreateNewOrganizationTest">
        <test-method is-config="true" signature="bsConfig()[pri:0, instance:com.iCustomer.CreateNewOrganizationTest@1b7cc17c]" started-at="2024-03-19T16:03:46 IST" name="bsConfig" finished-at="2024-03-19T16:03:46 IST" duration-ms="7" status="PASS">
          <reporter-output>
          </reporter-output>
        </test-method> <!-- bsConfig -->
        <test-method is-config="true" signature="bcConfig()[pri:0, instance:com.iCustomer.CreateNewOrganizationTest@1b7cc17c]" started-at="2024-03-19T16:03:46 IST" name="bcConfig" finished-at="2024-03-19T16:03:55 IST" duration-ms="9539" status="PASS">
          <reporter-output>
          </reporter-output>
        </test-method> <!-- bcConfig -->
        <test-method is-config="true" signature="bmConfig()[pri:0, instance:com.iCustomer.CreateNewOrganizationTest@1b7cc17c]" started-at="2024-03-19T16:03:55 IST" name="bmConfig" finished-at="2024-03-19T16:03:57 IST" duration-ms="1364" status="PASS">
          <reporter-output>
          </reporter-output>
        </test-method> <!-- bmConfig -->
        <test-method signature="launchiCustomerProduct()[pri:1, instance:com.iCustomer.CreateNewOrganizationTest@1b7cc17c]" started-at="2024-03-19T16:03:57 IST" name="launchiCustomerProduct" finished-at="2024-03-19T16:04:10 IST" duration-ms="13294" status="PASS">
          <reporter-output>
          </reporter-output>
        </test-method> <!-- launchiCustomerProduct -->
        <test-method signature="open360HomeModule()[pri:2, instance:com.iCustomer.CreateNewOrganizationTest@1b7cc17c]" started-at="2024-03-19T16:04:10 IST" name="open360HomeModule" finished-at="2024-03-19T16:04:13 IST" duration-ms="3302" status="PASS">
          <reporter-output>
          </reporter-output>
        </test-method> <!-- open360HomeModule -->
        <test-method signature="fillDetails()[pri:3, instance:com.iCustomer.CreateNewOrganizationTest@1b7cc17c]" started-at="2024-03-19T16:04:13 IST" name="fillDetails" finished-at="2024-03-19T16:04:19 IST" duration-ms="5718" status="PASS">
          <reporter-output>
          </reporter-output>
        </test-method> <!-- fillDetails -->
        <test-method is-config="true" signature="amConfig()[pri:0, instance:com.iCustomer.CreateNewOrganizationTest@1b7cc17c]" started-at="2024-03-19T16:04:19 IST" name="amConfig" finished-at="2024-03-19T16:04:19 IST" duration-ms="197" status="PASS">
          <reporter-output>
          </reporter-output>
        </test-method> <!-- amConfig -->
        <test-method is-config="true" signature="acConfig()[pri:0, instance:com.iCustomer.CreateNewOrganizationTest@1b7cc17c]" started-at="2024-03-19T16:05:39 IST" name="acConfig" finished-at="2024-03-19T16:05:41 IST" duration-ms="2342" status="PASS">
          <reporter-output>
          </reporter-output>
        </test-method> <!-- acConfig -->
        <test-method is-config="true" signature="asConfig()[pri:0, instance:com.iCustomer.CreateNewOrganizationTest@1b7cc17c]" started-at="2024-03-19T16:05:41 IST" name="asConfig" finished-at="2024-03-19T16:05:44 IST" duration-ms="2706" status="PASS">
          <reporter-output>
          </reporter-output>
        </test-method> <!-- asConfig -->
      </class> <!-- com.iCustomer.CreateNewOrganizationTest -->
      <class name="com.MyWork.TaskTest">
        <test-method is-config="true" signature="bmConfig()[pri:0, instance:com.MyWork.TaskTest@55183b20]" started-at="2024-03-19T16:05:22 IST" name="bmConfig" finished-at="2024-03-19T16:05:23 IST" duration-ms="1041" status="PASS">
          <reporter-output>
          </reporter-output>
        </test-method> <!-- bmConfig -->
        <test-method signature="launchiCustomerProduct()[pri:1, instance:com.MyWork.TaskTest@55183b20]" started-at="2024-03-19T16:05:23 IST" name="launchiCustomerProduct" finished-at="2024-03-19T16:05:28 IST" duration-ms="4458" status="PASS">
          <reporter-output>
          </reporter-output>
        </test-method> <!-- launchiCustomerProduct -->
        <test-method signature="openTasksModule()[pri:2, instance:com.MyWork.TaskTest@55183b20]" started-at="2024-03-19T16:05:28 IST" name="openTasksModule" finished-at="2024-03-19T16:05:34 IST" duration-ms="6188" status="PASS">
          <reporter-output>
          </reporter-output>
        </test-method> <!-- openTasksModule -->
        <test-method signature="fillCreateNewTask()[pri:3, instance:com.MyWork.TaskTest@55183b20]" started-at="2024-03-19T16:05:34 IST" name="fillCreateNewTask" finished-at="2024-03-19T16:05:39 IST" duration-ms="4803" status="PASS">
          <reporter-output>
          </reporter-output>
        </test-method> <!-- fillCreateNewTask -->
        <test-method is-config="true" signature="amConfig()[pri:0, instance:com.MyWork.TaskTest@55183b20]" started-at="2024-03-19T16:05:39 IST" name="amConfig" finished-at="2024-03-19T16:05:39 IST" duration-ms="130" status="PASS">
          <reporter-output>
          </reporter-output>
        </test-method> <!-- amConfig -->
      </class> <!-- com.MyWork.TaskTest -->
      <class name="com.saleshub.SalesHomeTest">
        <test-method is-config="true" signature="bmConfig()[pri:0, instance:com.saleshub.SalesHomeTest@35e2d654]" started-at="2024-03-19T16:04:19 IST" name="bmConfig" finished-at="2024-03-19T16:04:20 IST" duration-ms="1043" status="PASS">
          <reporter-output>
          </reporter-output>
        </test-method> <!-- bmConfig -->
        <test-method signature="launchiCustomerProduct()[pri:1, instance:com.saleshub.SalesHomeTest@35e2d654]" started-at="2024-03-19T16:04:20 IST" name="launchiCustomerProduct" finished-at="2024-03-19T16:04:25 IST" duration-ms="4473" status="PASS">
          <reporter-output>
          </reporter-output>
        </test-method> <!-- launchiCustomerProduct -->
        <test-method signature="openSalesHomeModule()[pri:2, instance:com.saleshub.SalesHomeTest@35e2d654]" started-at="2024-03-19T16:04:25 IST" name="openSalesHomeModule" finished-at="2024-03-19T16:04:31 IST" duration-ms="5997" status="PASS">
          <reporter-output>
          </reporter-output>
        </test-method> <!-- openSalesHomeModule -->
        <test-method signature="fillQualify()[pri:3, instance:com.saleshub.SalesHomeTest@35e2d654]" started-at="2024-03-19T16:04:31 IST" name="fillQualify" finished-at="2024-03-19T16:04:52 IST" duration-ms="21284" status="PASS">
          <reporter-output>
          </reporter-output>
        </test-method> <!-- fillQualify -->
        <test-method signature="fillDevelop()[pri:4, instance:com.saleshub.SalesHomeTest@35e2d654]" started-at="2024-03-19T16:04:52 IST" name="fillDevelop" finished-at="2024-03-19T16:05:03 IST" duration-ms="11140" status="PASS">
          <reporter-output>
          </reporter-output>
        </test-method> <!-- fillDevelop -->
        <test-method signature="fillPropose()[pri:5, instance:com.saleshub.SalesHomeTest@35e2d654]" started-at="2024-03-19T16:05:03 IST" name="fillPropose" finished-at="2024-03-19T16:05:09 IST" duration-ms="5695" status="PASS">
          <reporter-output>
          </reporter-output>
        </test-method> <!-- fillPropose -->
        <test-method is-config="true" signature="amConfig()[pri:0, instance:com.saleshub.SalesHomeTest@35e2d654]" started-at="2024-03-19T16:05:09 IST" name="amConfig" finished-at="2024-03-19T16:05:09 IST" duration-ms="168" status="PASS">
          <reporter-output>
          </reporter-output>
        </test-method> <!-- amConfig -->
      </class> <!-- com.saleshub.SalesHomeTest -->
      <class name="com.MyWork.DashboardTest">
        <test-method is-config="true" signature="bmConfig()[pri:0, instance:com.MyWork.DashboardTest@1bd4fdd]" started-at="2024-03-19T16:05:09 IST" name="bmConfig" finished-at="2024-03-19T16:05:10 IST" duration-ms="1032" status="PASS">
          <reporter-output>
          </reporter-output>
        </test-method> <!-- bmConfig -->
        <test-method signature="launchiCustomerProduct()[pri:1, instance:com.MyWork.DashboardTest@1bd4fdd]" started-at="2024-03-19T16:05:10 IST" name="launchiCustomerProduct" finished-at="2024-03-19T16:05:14 IST" duration-ms="3926" status="PASS">
          <reporter-output>
          </reporter-output>
        </test-method> <!-- launchiCustomerProduct -->
        <test-method signature="CreateEvent()[pri:2, instance:com.MyWork.DashboardTest@1bd4fdd]" started-at="2024-03-19T16:05:14 IST" name="CreateEvent" finished-at="2024-03-19T16:05:22 IST" duration-ms="8097" status="PASS">
          <reporter-output>
          </reporter-output>
        </test-method> <!-- CreateEvent -->
        <test-method is-config="true" signature="amConfig()[pri:0, instance:com.MyWork.DashboardTest@1bd4fdd]" started-at="2024-03-19T16:05:22 IST" name="amConfig" finished-at="2024-03-19T16:05:22 IST" duration-ms="148" status="PASS">
          <reporter-output>
          </reporter-output>
        </test-method> <!-- amConfig -->
      </class> <!-- com.MyWork.DashboardTest -->
    </test> <!-- Test -->
  </suite> <!-- Suite -->
</testng-results>
