<?xml version="1.0" encoding="UTF-8"?>
<testng-results ignored="0" total="5" passed="5" failed="0" skipped="0">
  <reporter-output>
  </reporter-output>
  <suite started-at="2024-03-28T15:31:46 IST" name="Default suite" finished-at="2024-03-28T15:33:30 IST" duration-ms="103994">
    <groups>
    </groups>
    <test started-at="2024-03-28T15:31:46 IST" name="Default test" finished-at="2024-03-28T15:33:30 IST" duration-ms="103994">
      <class name="com.saleshub.SalesHomeTest">
        <test-method is-config="true" signature="bsConfig()[pri:0, instance:com.saleshub.SalesHomeTest@5bda8e08]" started-at="2024-03-28T15:31:46 IST" name="bsConfig" finished-at="2024-03-28T15:31:46 IST" duration-ms="8" status="PASS">
          <reporter-output>
          </reporter-output>
        </test-method> <!-- bsConfig -->
        <test-method is-config="true" signature="bcConfig()[pri:0, instance:com.saleshub.SalesHomeTest@5bda8e08]" started-at="2024-03-28T15:31:46 IST" name="bcConfig" finished-at="2024-03-28T15:32:00 IST" duration-ms="14720" status="PASS">
          <reporter-output>
          </reporter-output>
        </test-method> <!-- bcConfig -->
        <test-method is-config="true" signature="bmConfig()[pri:0, instance:com.saleshub.SalesHomeTest@5bda8e08]" started-at="2024-03-28T15:32:00 IST" name="bmConfig" finished-at="2024-03-28T15:32:02 IST" duration-ms="1841" status="PASS">
          <reporter-output>
          </reporter-output>
        </test-method> <!-- bmConfig -->
        <test-method signature="launchiCustomerProduct()[pri:1, instance:com.saleshub.SalesHomeTest@5bda8e08]" started-at="2024-03-28T15:32:02 IST" name="launchiCustomerProduct" finished-at="2024-03-28T15:32:19 IST" duration-ms="16901" status="PASS">
          <reporter-output>
          </reporter-output>
        </test-method> <!-- launchiCustomerProduct -->
        <test-method signature="openSalesHomeModule()[pri:2, instance:com.saleshub.SalesHomeTest@5bda8e08]" started-at="2024-03-28T15:32:19 IST" name="openSalesHomeModule" finished-at="2024-03-28T15:32:35 IST" duration-ms="15302" status="PASS">
          <reporter-output>
          </reporter-output>
        </test-method> <!-- openSalesHomeModule -->
        <test-method signature="fillQualify()[pri:3, instance:com.saleshub.SalesHomeTest@5bda8e08]" started-at="2024-03-28T15:32:35 IST" name="fillQualify" finished-at="2024-03-28T15:33:08 IST" duration-ms="33252" status="PASS">
          <reporter-output>
          </reporter-output>
        </test-method> <!-- fillQualify -->
        <test-method signature="fillDevelop()[pri:4, instance:com.saleshub.SalesHomeTest@5bda8e08]" started-at="2024-03-28T15:33:08 IST" name="fillDevelop" finished-at="2024-03-28T15:33:21 IST" duration-ms="13324" status="PASS">
          <reporter-output>
          </reporter-output>
        </test-method> <!-- fillDevelop -->
        <test-method signature="fillPropose()[pri:5, instance:com.saleshub.SalesHomeTest@5bda8e08]" started-at="2024-03-28T15:33:21 IST" name="fillPropose" finished-at="2024-03-28T15:33:30 IST" duration-ms="8450" status="PASS">
          <reporter-output>
          </reporter-output>
        </test-method> <!-- fillPropose -->
      </class> <!-- com.saleshub.SalesHomeTest -->
    </test> <!-- Default test -->
  </suite> <!-- Default suite -->
</testng-results>
