<?xml version="1.0" encoding="UTF-8"?>
<testng-results ignored="0" total="5" passed="5" failed="0" skipped="0">
  <reporter-output>
  </reporter-output>
  <suite started-at="2024-03-19T14:58:51 IST" name="Default suite" finished-at="2024-03-19T15:00:17 IST" duration-ms="86549">
    <groups>
    </groups>
    <test started-at="2024-03-19T14:58:51 IST" name="Default test" finished-at="2024-03-19T15:00:17 IST" duration-ms="86549">
      <class name="com.saleshub.SalesHomeTest">
        <test-method is-config="true" signature="bsConfig()[pri:0, instance:com.saleshub.SalesHomeTest@3b0090a4]" started-at="2024-03-19T14:58:51 IST" name="bsConfig" finished-at="2024-03-19T14:58:51 IST" duration-ms="11" status="PASS">
          <reporter-output>
          </reporter-output>
        </test-method> <!-- bsConfig -->
        <test-method is-config="true" signature="bcConfig()[pri:0, instance:com.saleshub.SalesHomeTest@3b0090a4]" started-at="2024-03-19T14:58:51 IST" name="bcConfig" finished-at="2024-03-19T14:59:02 IST" duration-ms="10713" status="PASS">
          <reporter-output>
          </reporter-output>
        </test-method> <!-- bcConfig -->
        <test-method is-config="true" signature="bmConfig()[pri:0, instance:com.saleshub.SalesHomeTest@3b0090a4]" started-at="2024-03-19T14:59:02 IST" name="bmConfig" finished-at="2024-03-19T14:59:04 IST" duration-ms="2247" status="PASS">
          <reporter-output>
          </reporter-output>
        </test-method> <!-- bmConfig -->
        <test-method signature="launchiCustomerProduct()[pri:1, instance:com.saleshub.SalesHomeTest@3b0090a4]" started-at="2024-03-19T14:59:04 IST" name="launchiCustomerProduct" finished-at="2024-03-19T14:59:17 IST" duration-ms="13361" status="PASS">
          <reporter-output>
          </reporter-output>
        </test-method> <!-- launchiCustomerProduct -->
        <test-method signature="openSalesHomeModule()[pri:2, instance:com.saleshub.SalesHomeTest@3b0090a4]" started-at="2024-03-19T14:59:17 IST" name="openSalesHomeModule" finished-at="2024-03-19T14:59:23 IST" duration-ms="5588" status="PASS">
          <reporter-output>
          </reporter-output>
        </test-method> <!-- openSalesHomeModule -->
        <test-method signature="fillQualify()[pri:3, instance:com.saleshub.SalesHomeTest@3b0090a4]" started-at="2024-03-19T14:59:23 IST" name="fillQualify" finished-at="2024-03-19T14:59:57 IST" duration-ms="33990" status="PASS">
          <reporter-output>
          </reporter-output>
        </test-method> <!-- fillQualify -->
        <test-method signature="fillDevelop()[pri:4, instance:com.saleshub.SalesHomeTest@3b0090a4]" started-at="2024-03-19T14:59:57 IST" name="fillDevelop" finished-at="2024-03-19T15:00:09 IST" duration-ms="11962" status="PASS">
          <reporter-output>
          </reporter-output>
        </test-method> <!-- fillDevelop -->
        <test-method signature="fillPropose()[pri:5, instance:com.saleshub.SalesHomeTest@3b0090a4]" started-at="2024-03-19T15:00:09 IST" name="fillPropose" finished-at="2024-03-19T15:00:15 IST" duration-ms="5907" status="PASS">
          <reporter-output>
          </reporter-output>
        </test-method> <!-- fillPropose -->
        <test-method is-config="true" signature="amConfig()[pri:0, instance:com.saleshub.SalesHomeTest@3b0090a4]" started-at="2024-03-19T15:00:15 IST" name="amConfig" finished-at="2024-03-19T15:00:15 IST" duration-ms="217" status="PASS">
          <reporter-output>
          </reporter-output>
        </test-method> <!-- amConfig -->
        <test-method is-config="true" signature="acConfig()[pri:0, instance:com.saleshub.SalesHomeTest@3b0090a4]" started-at="2024-03-19T15:00:15 IST" name="acConfig" finished-at="2024-03-19T15:00:17 IST" duration-ms="2350" status="PASS">
          <reporter-output>
          </reporter-output>
        </test-method> <!-- acConfig -->
        <test-method is-config="true" signature="asConfig()[pri:0, instance:com.saleshub.SalesHomeTest@3b0090a4]" started-at="2024-03-19T15:00:18 IST" name="asConfig" finished-at="2024-03-19T15:00:18 IST" duration-ms="7" status="PASS">
          <reporter-output>
          </reporter-output>
        </test-method> <!-- asConfig -->
      </class> <!-- com.saleshub.SalesHomeTest -->
    </test> <!-- Default test -->
  </suite> <!-- Default suite -->
</testng-results>
